2024-03-28 14:14:34.0711 [5912-1] INFO |  =========== New log started at: 3/28/2024 2:14:34 PM ===========  
2024-03-28 14:14:34.0896 [5912-1] DEBUG | Command line arguments: -w, -ml, 06d4c3d4-39fa-4f11-abfa-ee35a1de4e88, -pt, a97c6f78-85a0-44f3-9ba9-0a6632715c5b 
2024-03-28 14:14:34.1456 [5912-1] INFO |  ===== ancoraDocs Data Capture Client - version 1.9.33.11220 =====  
2024-03-28 14:14:34.1456 [5912-1] INFO | Worker Mode 
2024-03-28 14:14:34.1486 [5912-1] INFO | Loading settings 
2024-03-28 14:14:34.1486 [5912-1] INFO | Loading plugin: C:\Program Files (x86)\Ancora\ancoraDocs Automated Clients\Plugins\Contracts.dll 
2024-03-28 14:14:34.1486 [5912-1] INFO | Loading plugin: C:\Program Files (x86)\Ancora\ancoraDocs Automated Clients\Plugins\DataCapturePlugin.dll 
2024-03-28 14:14:34.1486 [5912-1] INFO | Loading plugin: C:\Program Files (x86)\Ancora\ancoraDocs Automated Clients\Plugins\DocFormDataParser.dll 
2024-03-28 14:14:34.1486 [5912-1] INFO | Loading plugin: C:\Program Files (x86)\Ancora\ancoraDocs Automated Clients\Plugins\FTFParse.dll 
2024-03-28 14:14:34.1636 [5912-1] INFO | Loading plugin: C:\Program Files (x86)\Ancora\ancoraDocs Automated Clients\Plugins\Microsoft.Bcl.AsyncInterfaces.dll 
2024-03-28 14:14:34.1636 [5912-1] INFO | Loading plugin: C:\Program Files (x86)\Ancora\ancoraDocs Automated Clients\Plugins\SsiDataCapturePluginContracts.dll 
2024-03-28 14:14:34.1636 [5912-1] ERROR | Exception in loading plugin C:\Program Files (x86)\Ancora\ancoraDocs Automated Clients\Plugins\SsiDataCapturePluginContracts.dll. Exception details: System.NotSupportedException: An attempt was made to load an assembly from a network location which would have caused the assembly to be sandboxed in previous versions of the .NET Framework. This release of the .NET Framework does not enable CAS policy by default, so this load may be dangerous. If this load is not intended to sandbox the assembly, please enable the loadFromRemoteSources switch. See http://go.microsoft.com/fwlink/?LinkId=155569 for more information.
   at System.Reflection.RuntimeAssembly.nLoadFile(String path, Evidence evidence)
   at System.Reflection.Assembly.LoadFile(String path)
   at SsiDataCaptureClient.PluginSupport.PluginLoader.LoadPlugins(String pluginDirectory) 
2024-03-28 14:14:34.1636 [5912-1] INFO | Loading plugin: C:\Program Files (x86)\Ancora\ancoraDocs Automated Clients\Plugins\SsiServerCommonUtils.dll 
2024-03-28 14:14:34.1776 [5912-1] INFO | Loading plugin: C:\Program Files (x86)\Ancora\ancoraDocs Automated Clients\Plugins\SsiServerDto.dll 
2024-03-28 14:14:34.1776 [5912-1] INFO | Loading plugin: C:\Program Files (x86)\Ancora\ancoraDocs Automated Clients\Plugins\System.Buffers.dll 
2024-03-28 14:14:34.1776 [5912-1] INFO | Loading plugin: C:\Program Files (x86)\Ancora\ancoraDocs Automated Clients\Plugins\System.Memory.Data.dll 
2024-03-28 14:14:34.1776 [5912-1] INFO | Loading plugin: C:\Program Files (x86)\Ancora\ancoraDocs Automated Clients\Plugins\System.Memory.dll 
2024-03-28 14:14:34.1776 [5912-1] INFO | Loading plugin: C:\Program Files (x86)\Ancora\ancoraDocs Automated Clients\Plugins\System.Numerics.Vectors.dll 
2024-03-28 14:14:34.1776 [5912-1] INFO | Loading plugin: C:\Program Files (x86)\Ancora\ancoraDocs Automated Clients\Plugins\System.Runtime.CompilerServices.Unsafe.dll 
2024-03-28 14:14:34.1956 [5912-1] INFO | Loading plugin: C:\Program Files (x86)\Ancora\ancoraDocs Automated Clients\Plugins\System.Text.Encodings.Web.dll 
2024-03-28 14:14:34.1956 [5912-1] INFO | Loading plugin: C:\Program Files (x86)\Ancora\ancoraDocs Automated Clients\Plugins\System.Text.Json.dll 
2024-03-28 14:14:34.1956 [5912-1] INFO | Loading plugin: C:\Program Files (x86)\Ancora\ancoraDocs Automated Clients\Plugins\System.Threading.Tasks.Extensions.dll 
2024-03-28 14:14:34.1956 [5912-1] INFO | Loading plugin: C:\Program Files (x86)\Ancora\ancoraDocs Automated Clients\Plugins\System.ValueTuple.dll 
2024-03-28 14:14:34.2336 [5912-1] ERROR | Error on loading plugins. Exception details: System.Reflection.TargetInvocationException: Exception has been thrown by the target of an invocation. ---> System.NullReferenceException: Object reference not set to an instance of an object.
   at DataCapturePlugin.Configuration.PluginSettings.Read(String fileName) in C:\Users\Victorio\Desktop\Repositories\AzureDataCapturePlugin\DataCapturePlugin\Configuration\PluginSettings.cs:line 101
   at DataCapturePlugin.Configuration.PluginSettings..ctor(String fileName) in C:\Users\Victorio\Desktop\Repositories\AzureDataCapturePlugin\DataCapturePlugin\Configuration\PluginSettings.cs:line 56
   at DataCapturePlugin.Configuration.PluginSettings.get_Instance() in C:\Users\Victorio\Desktop\Repositories\AzureDataCapturePlugin\DataCapturePlugin\Configuration\PluginSettings.cs:line 48
   at DataCapturePlugin.AzureDataCapturePlugin..ctor() in C:\Users\Victorio\Desktop\Repositories\AzureDataCapturePlugin\DataCapturePlugin\AzureDataCapturePlugin.cs:line 52
   --- End of inner exception stack trace ---
   at System.RuntimeTypeHandle.CreateInstance(RuntimeType type, Boolean publicOnly, Boolean noCheck, Boolean& canBeCached, RuntimeMethodHandleInternal& ctor, Boolean& bNeedSecurityCheck)
   at System.RuntimeType.CreateInstanceSlow(Boolean publicOnly, Boolean skipCheckThis, Boolean fillCache, StackCrawlMark& stackMark)
   at System.RuntimeType.CreateInstanceDefaultCtor(Boolean publicOnly, Boolean skipCheckThis, Boolean fillCache, StackCrawlMark& stackMark)
   at System.Activator.CreateInstance(Type type, Boolean nonPublic)
   at System.Activator.CreateInstance(Type type)
   at SsiDataCaptureClient.PluginSupport.PluginLoader.LoadPlugins(String pluginDirectory)
   at SsiDataCaptureClient.PluginSupport.PluginManager.Init() 
2024-03-28 14:14:34.2336 [5912-1] INFO | Connecting to server: Ip = 127.0.0.1, Port = 12543 
2024-03-28 14:14:34.6568 [5912-1] INFO | Init SDK - START 
2024-03-28 14:14:34.6568 [5912-1] INFO | Init log 
2024-03-28 14:14:34.6668 [5912-1] DEBUG | SDK: Smart OCR SDK - Version: 9.3.23.11200, Branch: version-9.3, User: Nuri, Compiled at: Nov 20 2023, 15:13:17 
2024-03-28 14:14:34.6668 [5912-1] DEBUG | SDK: Calling OCR Document init for language: English 
2024-03-28 14:14:34.6668 [5912-1] DEBUG | SDK: Loading external primary recognition engine... 
2024-03-28 14:14:34.6668 [5912-1] DEBUG | SDK: Failed loading of requested primary external engine: 1, Engine name: LT, Fail reason: External engine plugin not initialized. 
2024-03-28 14:14:34.6668 [5912-1] DEBUG | SDK: Initiated fall back to other external engines... 
2024-03-28 14:14:34.6668 [5912-1] DEBUG | SDK: Successful fall back to engine: 5, Engine name: TESS LSTM 
2024-03-28 14:14:34.6668 [5912-1] DEBUG | SDK: External primary engine loaded. Engine code: 5, Engine name: TESS LSTM 
2024-03-28 14:14:34.7084 [5912-1] DEBUG | SDK: Init Success 
2024-03-28 14:14:35.1106 [5912-1] DEBUG | SDK: Loading user dictionary... 
2024-03-28 14:14:35.1106 [5912-1] DEBUG | SDK: Init PDF loader plugin 
2024-03-28 14:14:35.1106 [5912-1] DEBUG | SDK: Init secondary external recognizer 
2024-03-28 14:14:35.1106 [5912-1] DEBUG | SDK: Try to init advanced secondary recognition engine plugin... 
2024-03-28 14:14:35.1106 [5912-1] DEBUG | SDK: Loading external secondary recognition engine... 
2024-03-28 14:14:35.1106 [5912-1] DEBUG | SDK: Failed loading of requested secondary external engine: 2, Engine name: TESS, Fail reason: External engine plugin not initialized. 
2024-03-28 14:14:35.1106 [5912-1] DEBUG | SDK: Initiated fall back to other external secondary engines... 
2024-03-28 14:14:35.1106 [5912-1] DEBUG | SDK: Try to init basic secondary recognition engine plugin... 
2024-03-28 14:14:35.1106 [5912-1] DEBUG | SDK: Secondary OCR language: eng 
2024-03-28 14:14:35.1106 [5912-1] DEBUG | SDK: Secondary external recognizer successfully initialized 
2024-03-28 14:14:35.1106 [5912-1] DEBUG | SDK: Init barcode recognizer... 
2024-03-28 14:14:35.1106 [5912-1] DEBUG | SDK: Requested barcode engine type: 1000, Barcode Engine Name: AUTO 
2024-03-28 14:14:35.7592 [5912-1] DEBUG | SDK: Barcode recognizer successfully initialized 
2024-03-28 14:14:35.7592 [5912-1] DEBUG | SDK: Selected barcode engine: 3, Barcode Engine Name: ASP 
2024-03-28 14:14:35.7592 [5912-1] DEBUG | SDK: Init ICR engine... 
2024-03-28 14:14:35.7592 [5912-1] DEBUG | SDK: ICR engine successfully initialized 
2024-03-28 14:14:35.7592 [5912-1] INFO | Try to init the ML plugin 
2024-03-28 14:14:35.7592 [5912-1] INFO | The ML plugin is not installed 
2024-03-28 14:14:35.7592 [5912-1] INFO | Init SDK - END 
2024-03-28 14:14:35.7592 [5912-1] INFO | Connected to the server. Starting the client... 
2024-03-28 14:14:35.7592 [5912-1] INFO | Client successfully started 
2024-03-28 14:14:35.7592 [5912-3] INFO | Performing authentication as user: admin 
2024-03-28 14:14:36.4901 [5912-3] INFO | User Session ID: b244d839-82c7-43d0-9738-349b2c6276b6 
2024-03-28 14:14:36.4901 [5912-3] INFO | Waiting for next document... 
2024-03-28 14:14:56.5059 [5912-3] INFO | No document available, try to perform region template merge. 
2024-03-28 14:14:56.5059 [5912-3] INFO | No document available, perform retry. 
2024-03-28 14:15:01.5163 [5912-3] INFO | Waiting for next document... 
2024-03-28 14:15:21.5316 [5912-3] INFO | No document available, try to perform region template merge. 
2024-03-28 14:15:21.5316 [5912-3] INFO | No document available, perform retry. 
2024-03-28 14:15:26.5448 [5912-3] INFO | Waiting for next document... 
2024-03-28 14:15:46.5636 [5912-3] ERROR | Exception occurred while signaling process heartbeat : System.IO.FileNotFoundException: Unable to find the specified file.
   at System.IO.__Error.WinIOError(Int32 errorCode, String maybeFullPath)
   at System.IO.MemoryMappedFiles.MemoryMappedFile.OpenCore(String mapName, HandleInheritability inheritability, Int32 desiredAccessRights, Boolean createOrOpen)
   at System.IO.MemoryMappedFiles.MemoryMappedFile.OpenExisting(String mapName, MemoryMappedFileRights desiredAccessRights, HandleInheritability inheritability)
   at SsiServerCommonUtils.IpcLockTracker.SignalProcessHeartBeat()
   at SsiDataCaptureClient.DataCaptureClient.DoClientWork() 
2024-03-28 14:15:46.5636 [5912-3] INFO | No document available, try to perform region template merge. 
2024-03-28 14:15:46.5916 [5912-3] INFO | No document available, perform retry. 
2024-03-28 14:15:46.6302 [5912-1] INFO | Client finished 
2024-03-28 14:15:47.1830 [5912-1] INFO | There will be a connection retry in 120 seconds... 
2024-03-28 14:15:47.1830 [5912-1] INFO | There will be a connection retry in 120 seconds... 
2024-03-28 14:15:47.1830 [5912-1] INFO | There will be a connection retry in 120 seconds... 
2024-03-28 14:15:47.1830 [5912-1] INFO | There will be a connection retry in 120 seconds...
2024-03-28 14:15:47.1830 [5912-1] INFO | There will be a connection retry in 120 seconds... 
2024-03-28 14:15:47.1830 [5912-1] INFO | There will be a connection retry in 120 seconds...
